This is pdfTeX, Version 3.14159265-2.6-1.40.21 (MiKTeX 2.9.7440 64-bit) (preloaded format=latex 2020.5.18)  18 MAY 2020 00:18
entering extended mode
**./Trab001-AASE-Francisco.Lima.Figueiredo-202004137859.tex
(Trab001-AASE-Francisco.Lima.Figueiredo-202004137859.tex
LaTeX2e <2020-02-02> patch level 5
L3 programming layer <2020-05-15>
(C:\Prog\MiKTeX29\tex/latex/abntex2\abntex2.cls
Document Class: abntex2 2018/11/24 v-1.9.7 abnTeX2
(C:\Prog\MiKTeX29\tex/latex/base\ifthen.sty
Package: ifthen 2014/09/29 v1.1c Standard LaTeX ifthen package (DPC)
)
(C:\Prog\MiKTeX29\tex/latex/memoir\memoir.cls
Document Class: memoir 2020/03/25 v3.7k configurable book, report, article docu
ment class
\onelineskip=\skip47
\lxvchars=\skip48
\xlvchars=\skip49
\@memcnta=\count167
\c@@memmarkcntra=\count168
LaTeX Info: Redefining \InputIfFileExists on input line 140.
(C:\Prog\MiKTeX29\tex/generic/iftex\iftex.sty
Package: iftex 2020/03/06 v1.0d TeX engine tests
)
\stockheight=\skip50
\stockwidth=\skip51
\trimtop=\skip52
\trimedge=\skip53

(C:\Prog\MiKTeX29\tex/latex/memoir\mem12.clo
File: mem12.clo 2010/10/19 v0.4b memoir class 12pt size option
)
\binding=\skip54
\spinemargin=\skip55
\foremargin=\skip56
\uppermargin=\skip57
\lowermargin=\skip58
\headdrop=\skip59
\normalrulethickness=\skip60
\mem@maxheadheight=\skip61
\mem@maxfootheight=\skip62
\headwidth=\skip63
\c@storedpagenumber=\count169
\memPD=\dimen134
\m@mabparskip=\skip64
\thanksmarkwidth=\skip65
\thanksmarksep=\skip66
\droptitle=\skip67
\c@book=\count170
\c@part=\count171
\c@chapter=\count172
\c@section=\count173
\c@subsection=\count174
\c@subsubsection=\count175
\c@paragraph=\count176
\c@subparagraph=\count177
\beforechapskip=\skip68
\midchapskip=\skip69
\afterchapskip=\skip70
\chapindent=\skip71
\bottomsectionskip=\skip72
\secindent=\skip73
\beforesecskip=\skip74
\aftersecskip=\skip75
\subsecindent=\skip76
\beforesubsecskip=\skip77
\aftersubsecskip=\skip78
\subsubsecindent=\skip79
\beforesubsubsecskip=\skip80
\aftersubsubsecskip=\skip81
\paraindent=\skip82
\beforeparaskip=\skip83
\afterparaskip=\skip84
\subparaindent=\skip85
\beforesubparaskip=\skip86
\aftersubparaskip=\skip87
\pfbreakskip=\skip88
\c@@ppsavesec=\count178
\c@@ppsaveapp=\count179
\ragrparindent=\dimen135
\everylistparindent=\dimen136
\parsepi=\skip89
\topsepi=\skip90
\itemsepi=\skip91
\parsepii=\skip92
\topsepii=\skip93
\topsepiii=\skip94
\itemsepii=\skip95
\itemsepiii=\skip96
\partopsepii=\skip97
\partopsepiii=\skip98
\m@msavetopsep=\skip99
\m@msavepartopsep=\skip100
\@enLab=\toks15
\abstitleskip=\skip101
\absleftindent=\skip102
\abs@leftindent=\dimen137
\absrightindent=\skip103
\absparindent=\skip104
\absparsep=\skip105
\c@vslineno=\count180
\c@poemline=\count181
\c@modulo@vs=\count182
\c@memfvsline=\count183
\vleftskip=\skip106
\vrightskip=\skip107
\stanzaskip=\skip108
\versewidth=\skip109
\vgap=\skip110
\vindent=\skip111
\vleftmargin=\dimen138
\c@verse=\count184
\c@chrsinstr=\count185
\beforepoemtitleskip=\skip112
\afterpoemtitleskip=\skip113
\c@poem=\count186
\beforePoemTitleskip=\skip114
\midPoemTitleskip=\skip115
\afterPoemTitleskip=\skip116

(C:\Prog\MiKTeX29\tex/latex/tools\array.sty
Package: array 2019/08/31 v2.4l Tabular extension package (FMi)
\col@sep=\dimen139
\ar@mcellbox=\box45
\extrarowheight=\dimen140
\NC@list=\toks16
\extratabsurround=\skip117
\backup@length=\skip118
\ar@cellbox=\box46
)
(C:\Prog\MiKTeX29\tex/latex/tools\dcolumn.sty
Package: dcolumn 2014/10/28 v1.06 decimal alignment package (DPC)
)
(C:\Prog\MiKTeX29\tex/latex/tools\delarray.sty
Package: delarray 2014/10/28 v1.01 array delimiter package (DPC)
)
(C:\Prog\MiKTeX29\tex/latex/tools\tabularx.sty
Package: tabularx 2020/01/15 v2.11c `tabularx' package (DPC)
\TX@col@width=\dimen141
\TX@old@table=\dimen142
\TX@old@col=\dimen143
\TX@target=\dimen144
\TX@delta=\dimen145
\TX@cols=\count187
\TX@ftn=\toks17
)
\heavyrulewidth=\dimen146
\lightrulewidth=\dimen147
\cmidrulewidth=\dimen148
\belowrulesep=\dimen149
\belowbottomsep=\dimen150
\aboverulesep=\dimen151
\abovetopsep=\dimen152
\cmidrulesep=\dimen153
\cmidrulekern=\dimen154
\defaultaddspace=\dimen155
\@cmidla=\count188
\@cmidlb=\count189
\@aboverulesep=\dimen156
\@belowrulesep=\dimen157
\@thisruleclass=\count190
\@lastruleclass=\count191
\@thisrulewidth=\dimen158
\ctableftskip=\skip119
\ctabrightskip=\skip120
\abovecolumnspenalty=\count192
\@linestogo=\count193
\@cellstogo=\count194
\@cellsincolumn=\count195
\crtok=\toks18
\@mincolumnwidth=\dimen159
\c@newflo@tctr=\count196
\mem@margin@floatbox=\box47
\@contcwidth=\skip121
\@contindw=\skip122
\abovecaptionskip=\skip123
\belowcaptionskip=\skip124
\subfloattopskip=\skip125
\subfloatcapskip=\skip126
\subfloatcaptopadj=\skip127
\subfloatbottomskip=\skip128
\subfloatlabelskip=\skip129
\subfloatcapmargin=\dimen160
\c@@contsubnum=\count197
\m@mscap@capbox=\box48
\m@mscap@fbox=\box49
\sidecapsep=\dimen161
\sidecapwidth=\dimen162
\m@m@tempdima=\dimen163
\m@mscapraise=\dimen164
\sidecapraise=\dimen165
\m@mscapmainwidth=\dimen166
\m@mscaplkern=\dimen167
\beforeepigraphskip=\skip130
\afterepigraphskip=\skip131
\epigraphwidth=\skip132
\epigraphrule=\skip133
LaTeX Info: Redefining \em on input line 7664.
LaTeX Info: Redefining \emph on input line 7672.
\tocentryskip=\skip134
\tocbaseline=\skip135
\cftparskip=\skip136
\cftbeforebookskip=\skip137
\cftbookindent=\dimen168
\cftbooknumwidth=\dimen169
\cftbeforepartskip=\skip138
\cftpartindent=\skip139
\cftpartnumwidth=\skip140
\cftbeforechapterskip=\skip141
\cftchapterindent=\skip142
\cftchapternumwidth=\skip143
\cftbeforesectionskip=\skip144
\cftsectionindent=\skip145
\cftsectionnumwidth=\skip146
\cftbeforesubsectionskip=\skip147
\cftsubsectionindent=\skip148
\cftsubsectionnumwidth=\skip149
\cftbeforesubsubsectionskip=\skip150
\cftsubsubsectionindent=\skip151
\cftsubsubsectionnumwidth=\skip152
\cftbeforeparagraphskip=\skip153
\cftparagraphindent=\skip154
\cftparagraphnumwidth=\skip155
\cftbeforesubparagraphskip=\skip156
\cftsubparagraphindent=\skip157
\cftsubparagraphnumwidth=\skip158
\prechapterprecisshift=\dimen170
\c@maxsecnumdepth=\count198
\bibindent=\dimen171
\bibitemsep=\skip159
\indexcolsep=\skip160
\indexrule=\skip161
\indexmarkstyle=\toks19
\@indexbox=\insert199
\glossarycolsep=\dimen172
\glossaryrule=\dimen173
\sideparvshift=\skip162
\sideins=\insert252
\sidebartopsep=\skip163
\sidebarhsep=\skip164
\sidebarvsep=\skip165
\sidebarwidth=\skip166
\footmarkwidth=\skip167
\footmarksep=\skip168
\footparindent=\skip169
\footinsdim=\skip170
\footinsv@r=\insert251
\@mpfootinsv@r=\insert250
\m@m@k=\count266
\m@m@h=\dimen174
\m@mipn@skip=\skip171
\sidefootins=\insert249
\sidefootadjust=\skip172
\sidefootheight=\skip173
\sidefoothsep=\skip174
\sidefootvsep=\skip175
\sidefootwidth=\skip176
\m@mdownsf=\skip177
\c@sidefootnote=\count267
\sidefootmarkwidth=\skip178
\sidefootmarksep=\skip179
\sidefootparindent=\skip180
\c@pagenote=\count268
\c@pagenoteshadow=\count269
\mem@pn@lastkern=\skip181
\every@verbatim=\toks20
\afterevery@verbatim=\toks21
\verbatim@line=\toks22
\tab@position=\count270
\verbatim@in@stream=\read2
\verbatimindent=\skip182
\verbatim@out=\write3
\bvboxsep=\skip183
\c@memfbvline=\count271
\c@bvlinectr=\count272
\bvnumlength=\skip184
\fb@frw=\dimen175
\fb@frh=\dimen176
\FrameRule=\dimen177
\FrameSep=\dimen178
\c@cp@cntr=\count273
LaTeX Info: Redefining \: on input line 12191.
LaTeX Info: Redefining \! on input line 12193.
\c@ism@mctr=\count274
\c@xsm@mctr=\count275
\c@csm@mctr=\count276
\c@ksm@mctr=\count277
\c@xksm@mctr=\count278
\c@cksm@mctr=\count279
\c@msm@mctr=\count280
\c@xmsm@mctr=\count281
\c@cmsm@mctr=\count282
\c@bsm@mctr=\count283
\c@workm@mctr=\count284
\c@sheetsequence=\count285
\c@lastsheet=\count286
\c@lastpage=\count287

(C:\Prog\MiKTeX29\tex/latex/textcase\textcase.sty
Package: textcase 2019/09/14 v1.00 Text only upper/lower case changing (DPC)
)
\c@figure=\count288
\c@lofdepth=\count289
\cftbeforefigureskip=\skip185
\cftfigureindent=\skip186
\cftfigurenumwidth=\skip187
\c@table=\count290
\c@lotdepth=\count291
\cftbeforetableskip=\skip188
\cfttableindent=\skip189
\cfttablenumwidth=\skip190
Package abstract [2008/07/23] emulated by memoir.
Package appendix [2008/07/23] emulated by memoir.
Package booktabs [2016/05/16] emulated by memoir.
Package ccaption [2008/07/23] emulated by memoir.
Package changepage [2008/07/23] emulated by memoir.
Package chngcntr [2008/07/23] emulated by memoir.
Package chngpage [2008/07/23] emulated by memoir.
Package crop emulated by memoir.
Package enumerate [2008/07/23] emulated by memoir.
Package epigraph [2008/07/23] emulated by memoir.
Package ifmtarg [2008/07/23] emulated by memoir.
Package index [2008/07/23] emulated by memoir.
Package makeidx [2008/07/23] emulated by memoir.
Package moreverb [2008/07/23] emulated by memoir.
Package mparhack [2008/07/23] emulated by memoir.
Package needspace [2008/07/23] emulated by memoir.
Package newfile [2008/07/23] emulated by memoir.
Package nextpage [2008/07/23] emulated by memoir.
Package pagenote [2008/07/23] emulated by memoir.
Package parskip [2008/07/23] emulated by memoir.
Package patchcmd [2008/07/23] emulated by memoir.
Package setspace [2008/07/23] emulated by memoir.
Package shortvrb [2008/07/23] emulated by memoir.
Package showidx [2008/07/23] emulated by memoir.
Package titleref [2008/07/23] emulated by memoir.
Package titling [2008/07/23] emulated by memoir.
Package tocbibind [2008/07/23] emulated by memoir.
Package tocloft [2008/07/23] emulated by memoir.
Package tocvsec2 [2008/07/23] emulated by memoir.
Package verbatim [2008/07/23] emulated by memoir.
Package verse [2008/07/23] emulated by memoir.
)
(C:\Prog\MiKTeX29\tex/latex/hyperref\hyperref.sty
Package: hyperref 2020-05-15 v7.00e Hypertext links for LaTeX

(C:\Prog\MiKTeX29\tex/generic/ltxcmds\ltxcmds.sty
Package: ltxcmds 2019/12/15 v1.24 LaTeX kernel commands for general use (HO)
)
(C:\Prog\MiKTeX29\tex/latex/pdftexcmds\pdftexcmds.sty
Package: pdftexcmds 2019/11/24 v0.31 Utility functions of pdfTeX for LuaTeX (HO
)

(C:\Prog\MiKTeX29\tex/generic/infwarerr\infwarerr.sty
Package: infwarerr 2019/12/03 v1.5 Providing info/warning/error messages (HO)
)
Package pdftexcmds Info: \pdf@primitive is available.
Package pdftexcmds Info: \pdf@ifprimitive is available.
Package pdftexcmds Info: \pdfdraftmode is ignored in DVI mode.
)
(C:\Prog\MiKTeX29\tex/latex/graphics\keyval.sty
Package: keyval 2014/10/28 v1.15 key=value parser (DPC)
\KV@toks@=\toks23
)
(C:\Prog\MiKTeX29\tex/generic/kvsetkeys\kvsetkeys.sty
Package: kvsetkeys 2019/12/15 v1.18 Key value parser (HO)
)
(C:\Prog\MiKTeX29\tex/generic/kvdefinekeys\kvdefinekeys.sty
Package: kvdefinekeys 2019-12-19 v1.6 Define keys (HO)
)
(C:\Prog\MiKTeX29\tex/generic/pdfescape\pdfescape.sty
Package: pdfescape 2019/12/09 v1.15 Implements pdfTeX's escape features (HO)
)
(C:\Prog\MiKTeX29\tex/latex/hycolor\hycolor.sty
Package: hycolor 2020-01-27 v1.10 Color options for hyperref/bookmark (HO)
)
(C:\Prog\MiKTeX29\tex/latex/letltxmacro\letltxmacro.sty
Package: letltxmacro 2019/12/03 v1.6 Let assignment for LaTeX macros (HO)
)
(C:\Prog\MiKTeX29\tex/latex/auxhook\auxhook.sty
Package: auxhook 2019-12-17 v1.6 Hooks for auxiliary files (HO)
)
(C:\Prog\MiKTeX29\tex/latex/kvoptions\kvoptions.sty
Package: kvoptions 2019/11/29 v3.13 Key value format for package options (HO)
)
\@linkdim=\dimen179
\Hy@linkcounter=\count292
\Hy@pagecounter=\count293

(C:\Prog\MiKTeX29\tex/latex/hyperref\pd1enc.def
File: pd1enc.def 2020-05-15 v7.00e Hyperref: PDFDocEncoding definition (HO)
Now handling font encoding PD1 ...
... no UTF-8 mapping file for font encoding PD1
)
(C:\Prog\MiKTeX29\tex/generic/intcalc\intcalc.sty
Package: intcalc 2019/12/15 v1.3 Expandable calculations with integers (HO)
)
(C:\Prog\MiKTeX29\tex/generic/etexcmds\etexcmds.sty
Package: etexcmds 2019/12/15 v1.7 Avoid name clashes with e-TeX commands (HO)
)
\Hy@SavedSpaceFactor=\count294
Package hyperref Info: Hyper figures OFF on input line 4464.
Package hyperref Info: Link nesting OFF on input line 4469.
Package hyperref Info: Hyper index ON on input line 4472.
Package hyperref Info: Plain pages OFF on input line 4479.
Package hyperref Info: Backreferencing OFF on input line 4484.
Package hyperref Info: Implicit mode ON; LaTeX internals redefined.
Package hyperref Info: Bookmarks ON on input line 4717.
\c@Hy@tempcnt=\count295

(C:\Prog\MiKTeX29\tex/latex/url\url.sty
\Urlmuskip=\muskip16
Package: url 2013/09/16  ver 3.4  Verb mode for urls, etc.
)
LaTeX Info: Redefining \url on input line 5076.
\XeTeXLinkMargin=\dimen180

(C:\Prog\MiKTeX29\tex/generic/bitset\bitset.sty
Package: bitset 2019/12/09 v1.3 Handle bit-vector datatype (HO)

(C:\Prog\MiKTeX29\tex/generic/bigintcalc\bigintcalc.sty
Package: bigintcalc 2019/12/15 v1.5 Expandable calculations on big integers (HO
)
))
\Fld@menulength=\count296
\Field@Width=\dimen181
\Fld@charsize=\dimen182
Package hyperref Info: Hyper figures OFF on input line 6347.
Package hyperref Info: Link nesting OFF on input line 6352.
Package hyperref Info: Hyper index ON on input line 6355.
Package hyperref Info: backreferencing OFF on input line 6362.
Package hyperref Info: Link coloring OFF on input line 6367.
Package hyperref Info: Link coloring with OCG OFF on input line 6372.
Package hyperref Info: PDF/A mode OFF on input line 6377.
LaTeX Info: Redefining \ref on input line 6417.
LaTeX Info: Redefining \pageref on input line 6421.

(C:\Prog\MiKTeX29\tex/generic/atbegshi\atbegshi.sty
Package: atbegshi 2019/12/05 v1.19 At begin shipout hook (HO)
)
\Hy@abspage=\count297
\c@Item=\count298
\c@Hfootnote=\count299
)
(C:\Prog\MiKTeX29\tex/latex/memoir\memhfixc.sty
Package: memhfixc 2019/10/24 v1.18 nameref/hyperref package fixes for memoir cl
ass
\c@memhycontfloat=\count300
\c@Hpagenote=\count301
)
Package hyperref Info: Driver (default): hdvips.

(C:\Prog\MiKTeX29\tex/latex/hyperref\hdvips.def
File: hdvips.def 2020-05-15 v7.00e Hyperref driver for dvips

(C:\Prog\MiKTeX29\tex/latex/hyperref\pdfmark.def
File: pdfmark.def 2020-05-15 v7.00e Hyperref definitions for pdfmark specials
\pdf@docset=\toks24
\pdf@box=\box50
\pdf@toks=\toks25
\pdf@defaulttoks=\toks26
\HyField@AnnotCount=\count302
\Fld@listcount=\count303
\c@bookmark@seq@number=\count304

(C:\Prog\MiKTeX29\tex/latex/rerunfilecheck\rerunfilecheck.sty
Package: rerunfilecheck 2019/12/05 v1.9 Rerun checks for auxiliary files (HO)

(C:\Prog\MiKTeX29\tex/latex/atveryend\atveryend.sty
Package: atveryend 2019-12-11 v1.11 Hooks at the very end of document (HO)
Package atveryend Info: \enddocument detected (standard20110627).
)
(C:\Prog\MiKTeX29\tex/generic/uniquecounter\uniquecounter.sty
Package: uniquecounter 2019/12/15 v1.4 Provide unlimited unique counter (HO)
)
Package uniquecounter Info: New unique counter `rerunfilecheck' on input line 2
86.
)
\Hy@SectionHShift=\skip191
))
(C:\Prog\MiKTeX29\tex/latex/bookmark\bookmark.sty
Package: bookmark 2019/12/03 v1.28 PDF bookmarks (HO)

(C:\Prog\MiKTeX29\tex/latex/bookmark\bkm-dvips.def
File: bkm-dvips.def 2019/12/03 v1.28 bookmark driver for dvips (HO)
\BKM@id=\count305
))
(C:\Prog\MiKTeX29\tex/generic/babel\babel.sty
Package: babel 2020/05/13 3.44 The Babel package

(C:\Prog\MiKTeX29\tex/generic/babel\babel.def
File: babel.def 2020/05/13 3.44 Babel common definitions
\babel@savecnt=\count306
\U@D=\dimen183
\l@babelnohyphens=\language83

(C:\Prog\MiKTeX29\tex/generic/babel\txtbabel.def)
\bbl@readstream=\read3
)
\bbl@dirlevel=\count307

*************************************
* Local config file bblopts.cfg used
*
(C:\Prog\MiKTeX29\tex/latex/arabi\bblopts.cfg
File: bblopts.cfg 2005/09/08 v0.1 add Arabic and Farsi to "declared" options of
 babel
)
(C:\Prog\MiKTeX29\tex/latex/babel-english\english.ldf
Language: english 2017/06/06 v3.3r English support from the babel system
Package babel Info: \l@canadian = using hyphenrules for english
(babel)             (\language0) on input line 102.
Package babel Info: \l@australian = using hyphenrules for ukenglish
(babel)             (\language77) on input line 105.
Package babel Info: \l@newzealand = using hyphenrules for ukenglish
(babel)             (\language77) on input line 108.
)
(C:\Prog\MiKTeX29\tex/latex/babel-portuges\brazil.ldf
Language: portuges 2020/05/04 v1.2r Portuguese support from the babel system
Package babel Info: \l@brazil = using hyphenrules for portuguese
(babel)             (\language60) on input line 111.
Package babel Info: Making " an active character on input line 143.
))
(C:\Prog\MiKTeX29\tex/latex/enumitem\enumitem.sty
Package: enumitem 2019/06/20 v3.9 Customized lists
\labelindent=\skip192
\enit@outerparindent=\dimen184
\enit@toks=\toks27
\enit@inbox=\box51
\enit@count@id=\count308
\enitdp@description=\count309
)
(C:\Prog\MiKTeX29\tex/latex/tools\calc.sty
Package: calc 2017/05/25 v4.3 Infix arithmetic (KKT,FJ)
\calc@Acount=\count310
\calc@Bcount=\count311
\calc@Adimen=\dimen185
\calc@Bdimen=\dimen186
\calc@Askip=\skip193
\calc@Bskip=\skip194
LaTeX Info: Redefining \setlength on input line 80.
LaTeX Info: Redefining \addtolength on input line 81.
\calc@Ccount=\count312
\calc@Cskip=\skip195
)

******************************************************
Stock height and width: 845.04684pt by 597.50787pt
Top and edge trims: 0pt and 0pt
Page height and width: 845.04684pt by 597.50787pt
Text height and width: 708pt by 455pt
Spine and edge margins: 85.35826pt and 56.9055pt
Upper and lower margins: 85.35826pt and 51.68858pt
Headheight and headsep: 14.5pt and 19.8738pt
Footskip: 30pt
Columnsep and columnseprule: 10pt and 0pt
Marginparsep and marginparwidth: 7pt and 42.9055pt
Sidecapsep and sidecapwidth: 7pt and 92pt
Sidebarhsep and sidebarwidth: 7pt and 92pt
Sidebarvsep and sidebartopsep: 14.5pt and 0pt
Sidebarheight: 590.14995pt
Sidefoothsep and sidefootwidth: 7pt and 92pt
Sidefootvsep and sidefootheight: 14.5pt and 590.14995pt
******************************************************

\c@abntex@bookmarkcounter=\count313
\cftlastnumwidth=\skip196
\chapternamenumlength=\skip197
\ABNTEXcitacaorecuo=\skip198
\c@alineasi=\count314
\c@alineasii=\count315
\enitdp@alineas=\count316
\c@subalineasi=\count317
\enitdp@subalineas=\count318
\c@incisosi=\count319
\enitdp@incisos=\count320
\ABNTEXsignwidth=\skip256
\ABNTEXsignthickness=\skip257
\ABNTEXsignskip=\skip258
) (packages/udescCCT.sty

LaTeX Warning: You have requested package `packages/udescCCT',
               but the package provides `udescCCT'.

Package: udescCCT 2018/06/22
(C:\Prog\MiKTeX29\tex/latex/xargs\xargs.sty
Package: xargs 2008/03/22 v1.1  extended macro definitions  (mpg)

(C:\Prog\MiKTeX29\tex/latex/xkeyval\xkeyval.sty
Package: xkeyval 2014/12/03 v2.7a package option processing (HA)

(C:\Prog\MiKTeX29\tex/generic/xkeyval\xkeyval.tex
(C:\Prog\MiKTeX29\tex/generic/xkeyval\xkvutils.tex
\XKV@toks=\toks28
\XKV@tempa@toks=\toks29
)
\XKV@depth=\count321
File: xkeyval.tex 2014/12/03 v2.7a key=value parser (HA)
))
\xargs@max=\count322
\xargs@toksa=\toks30
\xargs@toksb=\toks31
)
(C:\Prog\MiKTeX29\tex/latex/xstring\xstring.sty
(C:\Prog\MiKTeX29\tex/generic/xstring\xstring.tex
\integerpart=\count323
\decimalpart=\count324
)
Package: xstring 2019/02/06 v1.83 String manipulations (CT)
)) (PacotesBasicos.tex
(C:\Prog\MiKTeX29\tex/latex/amsmath\amsmath.sty
Package: amsmath 2020/01/20 v2.17e AMS math features
\@mathmargin=\skip259

For additional information on amsmath, use the `?' option.
(C:\Prog\MiKTeX29\tex/latex/amsmath\amstext.sty
Package: amstext 2000/06/29 v2.01 AMS text

(C:\Prog\MiKTeX29\tex/latex/amsmath\amsgen.sty
File: amsgen.sty 1999/11/30 v2.0 generic functions
\@emptytoks=\toks32
\ex@=\dimen187
))
(C:\Prog\MiKTeX29\tex/latex/amsmath\amsbsy.sty
Package: amsbsy 1999/11/29 v1.2d Bold Symbols
\pmbraise@=\dimen188
)
(C:\Prog\MiKTeX29\tex/latex/amsmath\amsopn.sty
Package: amsopn 2016/03/08 v2.02 operator names
)
\inf@bad=\count325
LaTeX Info: Redefining \frac on input line 227.
\uproot@=\count326
\leftroot@=\count327
LaTeX Info: Redefining \overline on input line 389.
\classnum@=\count328
\DOTSCASE@=\count329
LaTeX Info: Redefining \ldots on input line 486.
LaTeX Info: Redefining \dots on input line 489.
LaTeX Info: Redefining \cdots on input line 610.
\Mathstrutbox@=\box52
\strutbox@=\box53
\big@size=\dimen189
LaTeX Font Info:    Redeclaring font encoding OML on input line 733.
LaTeX Font Info:    Redeclaring font encoding OMS on input line 734.
\macc@depth=\count330
\c@MaxMatrixCols=\count331
\dotsspace@=\muskip17
\c@parentequation=\count332
\dspbrk@lvl=\count333
\tag@help=\toks33
\row@=\count334
\column@=\count335
\maxfields@=\count336
\andhelp@=\toks34
\eqnshift@=\dimen190
\alignsep@=\dimen191
\tagshift@=\dimen192
\tagwidth@=\dimen193
\totwidth@=\dimen194
\lineht@=\dimen195
\@envbody=\toks35
\multlinegap=\skip260
\multlinetaggap=\skip261
\mathdisplay@stack=\toks36
LaTeX Info: Redefining \[ on input line 2859.
LaTeX Info: Redefining \] on input line 2860.
)
(C:\Prog\MiKTeX29\tex/latex/amsfonts\amssymb.sty
Package: amssymb 2013/01/14 v3.01 AMS font symbols

(C:\Prog\MiKTeX29\tex/latex/amsfonts\amsfonts.sty
Package: amsfonts 2013/01/14 v3.01 Basic AMSFonts support
\symAMSa=\mathgroup4
\symAMSb=\mathgroup5
LaTeX Font Info:    Redeclaring math symbol \hbar on input line 98.
LaTeX Font Info:    Overwriting math alphabet `\mathfrak' in version `bold'
(Font)                  U/euf/m/n --> U/euf/b/n on input line 106.
))
(C:\Prog\MiKTeX29\tex/latex/lm\lmodern.sty
Package: lmodern 2009/10/30 v1.6 Latin Modern Fonts
LaTeX Font Info:    Overwriting symbol font `operators' in version `normal'
(Font)                  OT1/cmr/m/n --> OT1/lmr/m/n on input line 22.
LaTeX Font Info:    Overwriting symbol font `letters' in version `normal'
(Font)                  OML/cmm/m/it --> OML/lmm/m/it on input line 23.
LaTeX Font Info:    Overwriting symbol font `symbols' in version `normal'
(Font)                  OMS/cmsy/m/n --> OMS/lmsy/m/n on input line 24.
LaTeX Font Info:    Overwriting symbol font `largesymbols' in version `normal'
(Font)                  OMX/cmex/m/n --> OMX/lmex/m/n on input line 25.
LaTeX Font Info:    Overwriting symbol font `operators' in version `bold'
(Font)                  OT1/cmr/bx/n --> OT1/lmr/bx/n on input line 26.
LaTeX Font Info:    Overwriting symbol font `letters' in version `bold'
(Font)                  OML/cmm/b/it --> OML/lmm/b/it on input line 27.
LaTeX Font Info:    Overwriting symbol font `symbols' in version `bold'
(Font)                  OMS/cmsy/b/n --> OMS/lmsy/b/n on input line 28.
LaTeX Font Info:    Overwriting symbol font `largesymbols' in version `bold'
(Font)                  OMX/cmex/m/n --> OMX/lmex/m/n on input line 29.
LaTeX Font Info:    Overwriting math alphabet `\mathbf' in version `normal'
(Font)                  OT1/cmr/bx/n --> OT1/lmr/bx/n on input line 31.
LaTeX Font Info:    Overwriting math alphabet `\mathsf' in version `normal'
(Font)                  OT1/cmss/m/n --> OT1/lmss/m/n on input line 32.
LaTeX Font Info:    Overwriting math alphabet `\mathit' in version `normal'
(Font)                  OT1/cmr/m/it --> OT1/lmr/m/it on input line 33.
LaTeX Font Info:    Overwriting math alphabet `\mathtt' in version `normal'
(Font)                  OT1/cmtt/m/n --> OT1/lmtt/m/n on input line 34.
LaTeX Font Info:    Overwriting math alphabet `\mathbf' in version `bold'
(Font)                  OT1/cmr/bx/n --> OT1/lmr/bx/n on input line 35.
LaTeX Font Info:    Overwriting math alphabet `\mathsf' in version `bold'
(Font)                  OT1/cmss/bx/n --> OT1/lmss/bx/n on input line 36.
LaTeX Font Info:    Overwriting math alphabet `\mathit' in version `bold'
(Font)                  OT1/cmr/bx/it --> OT1/lmr/bx/it on input line 37.
LaTeX Font Info:    Overwriting math alphabet `\mathtt' in version `bold'
(Font)                  OT1/cmtt/m/n --> OT1/lmtt/m/n on input line 38.
)
(C:\Prog\MiKTeX29\tex/latex/base\fontenc.sty
Package: fontenc 2020/02/11 v2.0o Standard LaTeX package
LaTeX Font Info:    Trying to load font information for T1+lmr on input line 11
2.

(C:\Prog\MiKTeX29\tex/latex/lm\t1lmr.fd
File: t1lmr.fd 2009/10/30 v1.6 Font defs for Latin Modern
))
(C:\Prog\MiKTeX29\tex/latex/base\inputenc.sty
Package: inputenc 2018/08/11 v1.3c Input encoding file
\inpenc@prehook=\toks37
\inpenc@posthook=\toks38
)
(C:\Prog\MiKTeX29\tex/latex/lastpage\lastpage.sty
Package: lastpage 2015/03/29 v1.2m Refers to last page's name (HMM; JPG)
)
(C:\Prog\MiKTeX29\tex/latex/tools\indentfirst.sty
Package: indentfirst 1995/11/23 v1.03 Indent first paragraph (DPC)
)
(C:\Prog\MiKTeX29\tex/latex/xcolor\xcolor.sty
Package: xcolor 2016/05/11 v2.12 LaTeX color extensions (UK)

(C:\Prog\MiKTeX29\tex/latex/graphics-cfg\color.cfg
File: color.cfg 2016/01/02 v1.6 sample color configuration
)
Package xcolor Info: Driver file: dvips.def on input line 225.

(C:\Prog\MiKTeX29\tex/latex/graphics-def\dvips.def
File: dvips.def 2017/06/20 v3.1d Graphics/color driver for dvips
)
(C:\Prog\MiKTeX29\tex/latex/colortbl\colortbl.sty
Package: colortbl 2020/01/04 v1.0e Color table columns (DPC)
\everycr=\toks39
\minrowclearance=\skip262
)
\rownum=\count337
Package xcolor Info: Model `cmy' substituted by `cmy0' on input line 1348.
Package xcolor Info: Model `RGB' extended on input line 1364.
Package xcolor Info: Model `HTML' substituted by `rgb' on input line 1366.
Package xcolor Info: Model `Hsb' substituted by `hsb' on input line 1367.
Package xcolor Info: Model `tHsb' substituted by `hsb' on input line 1368.
Package xcolor Info: Model `HSB' substituted by `hsb' on input line 1369.
Package xcolor Info: Model `Gray' substituted by `gray' on input line 1370.
Package xcolor Info: Model `wave' substituted by `hsb' on input line 1371.

(C:\Prog\MiKTeX29\tex/latex/graphics\dvipsnam.def
File: dvipsnam.def 2016/06/17 v3.0m Driver-dependent file (DPC,SPQR)
))
(C:\Prog\MiKTeX29\tex/latex/graphics\graphicx.sty
Package: graphicx 2019/11/30 v1.2a Enhanced LaTeX Graphics (DPC,SPQR)

(C:\Prog\MiKTeX29\tex/latex/graphics\graphics.sty
Package: graphics 2019/11/30 v1.4a Standard LaTeX Graphics (DPC,SPQR)

(C:\Prog\MiKTeX29\tex/latex/graphics\trig.sty
Package: trig 2016/01/03 v1.10 sin cos tan (DPC)
)
(C:\Prog\MiKTeX29\tex/latex/graphics-cfg\graphics.cfg
File: graphics.cfg 2016/06/04 v1.11 sample graphics configuration
)
Package graphics Info: Driver file: dvips.def on input line 105.
)
\Gin@req@height=\dimen196
\Gin@req@width=\dimen197
)
(C:\Prog\MiKTeX29\tex/latex/microtype\microtype.sty
Package: microtype 2019/11/18 v2.7d Micro-typographical refinements (RS)
\MT@toks=\toks40
\MT@count=\count338
LaTeX Info: Redefining \textls on input line 790.
\MT@outer@kern=\dimen198
LaTeX Info: Redefining \textmicrotypecontext on input line 1354.
\MT@listname@count=\count339

(C:\Prog\MiKTeX29\tex/latex/microtype\microtype-pdftex.def
File: microtype-pdftex.def 2019/11/18 v2.7d Definitions specific to pdftex (RS)

LaTeX Info: Redefining \lsstyle on input line 914.
LaTeX Info: Redefining \lslig on input line 914.
\MT@outer@space=\skip263
)
Package microtype Info: Loading configuration file microtype.cfg.

(C:\Prog\MiKTeX29\tex/latex/microtype\microtype.cfg
File: microtype.cfg 2019/11/18 v2.7d microtype main configuration file (RS)
))
(C:\Prog\MiKTeX29\tex/latex/lipsum\lipsum.sty
(C:\Prog\MiKTeX29\tex/latex/l3kernel\expl3.sty
Package: expl3 2020-05-15 L3 programming layer (loader) 

(C:\Prog\MiKTeX29\tex/latex/l3backend\l3backend-dvips.def
File: l3backend-dvips.def 2020-05-05 L3 backend support: dvips
\l__pdf_internal_box=\box54
\g__pdf_backend_object_int=\count340
\l__pdf_backend_content_box=\box55
\l__pdf_backend_model_box=\box56
\g__pdf_backend_annotation_int=\count341
\g__pdf_backend_link_int=\count342
\g__pdf_backend_link_sf_int=\count343
))
(C:\Prog\MiKTeX29\tex/latex/l3packages/xparse\xparse.sty
Package: xparse 2020-05-15 L3 Experimental document command parser

(C:\Prog\MiKTeX29\tex/latex/l3packages/xparse\xparse-generic.tex
\l__xparse_current_arg_int=\count344
\g__xparse_grabber_int=\count345
\l__xparse_m_args_int=\count346
\l__xparse_v_nesting_int=\count347
))
Package: lipsum 2019/01/02 v2.2 150 paragraphs of Lorem Ipsum dummy text

(C:\Prog\MiKTeX29\tex/latex/lipsum\lipsum.ltd.tex
File: lipsum.ltd.tex 2019/01/02 v2.2 The Lorem ipsum dummy text
))
(C:\Prog\MiKTeX29\tex/latex/hyperref\backref.sty
Package: backref 2020/01/14 v1.40 Bibliographical back referencing
)
(C:\Prog\MiKTeX29\tex/latex/abntex2\abntex2cite.sty
Package: abntex2cite 2018/11/24 v-1.9.7 abnTeX2

(C:\Prog\MiKTeX29\tex/latex/abntex2\abntex2abrev.sty)
\minimumbiblabelwidth=\skip264
\ABCIauxlen=\skip265
\c@ABCIaux=\count348
\c@ABCImax=\count349

(C:\Prog\MiKTeX29\tex/generic/iftex\ifpdf.sty
Package: ifpdf 2019/10/25 v3.4 ifpdf legacy package. Use iftex instead.
)
(C:\Prog\MiKTeX29\tex/generic/iftex\ifxetex.sty
Package: ifxetex 2019/10/25 v0.7 ifxetex legacy package. Use iftex instead.
)
(C:\Prog\MiKTeX29\tex/latex/breakurl\breakurl.sty
Package: breakurl 2013/04/10 v1.40 Breakable hyperref URLs
\burl@toks=\toks41
)
(C:\Prog\MiKTeX29\tex/latex/relsize\relsize.sty
Package: relsize 2013/03/29 ver 4.1
)
\biblabelsep=\skip266
LaTeX Info: Redefining \newblock on input line 591.
LaTeX Info: Redefining \cite on input line 618.
\ABCItoken=\toks42
)
(C:\Prog\MiKTeX29\tex/latex/adjustbox\adjustbox.sty
Package: adjustbox 2019/01/04 v1.2 Adjusting TeX boxes (trim, clip, ...)

(C:\Prog\MiKTeX29\tex/latex/adjustbox\adjcalc.sty
Package: adjcalc 2012/05/16 v1.1 Provides advanced setlength with multiple back
-ends (calc, etex, pgfmath)
)
(C:\Prog\MiKTeX29\tex/latex/adjustbox\trimclip.sty
Package: trimclip 2018/04/08 v1.1 Trim and clip general TeX material

(C:\Prog\MiKTeX29\tex/latex/collectbox\collectbox.sty
Package: collectbox 2012/05/17 v0.4b Collect macro arguments as boxes
\collectedbox=\box57
)
\tc@llx=\dimen256
\tc@lly=\dimen257
\tc@urx=\dimen258
\tc@ury=\dimen259
Package trimclip Info: Using driver 'tc-dvips.def'.

(C:\Prog\MiKTeX29\tex/latex/adjustbox\tc-dvips.def
File: tc-dvips.def 2019/01/04 v2.2 Clipping driver for dvips
))
\adjbox@Width=\dimen260
\adjbox@Height=\dimen261
\adjbox@Depth=\dimen262
\adjbox@Totalheight=\dimen263
\adjbox@pwidth=\dimen264
\adjbox@pheight=\dimen265
\adjbox@pdepth=\dimen266
\adjbox@ptotalheight=\dimen267

(C:\Prog\MiKTeX29\tex/latex/ifoddpage\ifoddpage.sty
Package: ifoddpage 2016/04/23 v1.1 Conditionals for odd/even page detection
\c@checkoddpage=\count350
LaTeX Info: Redefining \checkoddpage on input line 45.
)
(C:\Prog\MiKTeX29\tex/latex/varwidth\varwidth.sty
Package: varwidth 2009/03/30 ver 0.92;  Variable-width minipages
\@vwid@box=\box58
\sift@deathcycles=\count351
\@vwid@loff=\dimen268
\@vwid@roff=\dimen269
))
(C:\Prog\MiKTeX29\tex/latex/caption\subcaption.sty
Package: subcaption 2020/01/22 v1.3d Sub-captions (AR)


Class memoir Warning: For the caption package to function properly with memoir,
 we will now reset\caption and friends to kernel defaults and then let the capt
ion package take over. Remember: all caption configuration now goves via the ca
ption package interface, not the interface from the memoir class. .

(C:\Prog\MiKTeX29\tex/latex/caption\caption.sty
Package: caption 2020/05/10 v3.4j Customizing captions (AR)

(C:\Prog\MiKTeX29\tex/latex/caption\caption3.sty
Package: caption3 2020/05/10 v1.11 caption3 kernel (AR)
Package caption3 Info: TeX engine: e-TeX on input line 61.
\captionmargin=\dimen270
\captionmargin@=\dimen271
\captionwidth=\dimen272
\caption@tempdima=\dimen273
\caption@indent=\dimen274
\caption@parindent=\dimen275
\caption@hangindent=\dimen276
Package caption Info: memoir document class detected.
)
\c@caption@flags=\count352
\c@continuedfloat=\count353
Package caption Info: hyperref package is loaded.
)
\c@subfigure=\count354
\c@subtable=\count355
)
(C:\Prog\MiKTeX29\tex/latex/siunitx\siunitx.sty
Package: siunitx 2020/02/25 v2.8b A comprehensive (SI) units package

(C:\Prog\MiKTeX29\tex/latex/l3packages/l3keys2e\l3keys2e.sty
Package: l3keys2e 2020-05-15 LaTeX2e option processing using LaTeX3 keys
)
\l__siunitx_tmp_box=\box59
\l__siunitx_tmp_dim=\dimen277
\l__siunitx_tmp_int=\count356
\l__siunitx_number_mantissa_length_int=\count357
\l__siunitx_number_uncert_length_int=\count358
\l__siunitx_round_int=\count359
\l__siunitx_process_decimal_int=\count360
\l__siunitx_process_uncertainty_int=\count361
\l__siunitx_process_fixed_int=\count362
\l__siunitx_process_integer_min_int=\count363
\l__siunitx_process_precision_int=\count364
\l__siunitx_group_min_int=\count365
\l__siunitx_angle_marker_box=\box60
\l__siunitx_angle_unit_box=\box61
\l__siunitx_angle_marker_dim=\dimen278
\l__siunitx_angle_unit_dim=\dimen279
\l__siunitx_unit_int=\count366
\l__siunitx_unit_denominator_int=\count367
\l__siunitx_unit_numerator_int=\count368
\l__siunitx_unit_prefix_int=\count369
\l__siunitx_unit_prefix_base_int=\count370
\l__siunitx_unit_prefix_gram_int=\count371
\l__siunitx_number_product_int=\count372
\c__siunitx_one_fill_skip=\skip267
\l__siunitx_table_unit_align_skip=\skip268
\l__siunitx_table_exponent_dim=\dimen280
\l__siunitx_table_integer_dim=\dimen281
\l__siunitx_table_mantissa_dim=\dimen282
\l__siunitx_table_marker_dim=\dimen283
\l__siunitx_table_result_dim=\dimen284
\l__siunitx_table_uncert_dim=\dimen285
\l__siunitx_table_fill_pre_dim=\dimen286
\l__siunitx_table_fill_post_dim=\dimen287
\l__siunitx_table_fill_mid_dim=\dimen288
\l__siunitx_table_pre_box=\box62
\l__siunitx_table_post_box=\box63
\l__siunitx_table_mantissa_box=\box64
\l__siunitx_table_result_box=\box65
\l__siunitx_table_number_align_skip=\skip269
\l__siunitx_table_text_align_skip=\skip270

(C:\Prog\MiKTeX29\tex/latex/translator\translator.sty
Package: translator 2019-05-31 v1.12a Easy translation of strings in LaTeX
))
(C:\Prog\MiKTeX29\tex/latex/placeins\placeins.sty
Package: placeins 2005/04/18  v 2.2
)
(C:\Prog\MiKTeX29\tex/latex/multirow\multirow.sty
Package: multirow 2019/05/31 v2.5 Span multiple rows of a table
\multirow@colwidth=\skip271
\multirow@cntb=\count373
\multirow@dima=\skip272
\bigstrutjot=\dimen289
)
(C:\Prog\MiKTeX29\tex/latex/graphics\rotating.sty
Package: rotating 2016/08/11 v2.16d rotated objects in LaTeX
\c@r@tfl@t=\count374
\rotFPtop=\skip273
\rotFPbot=\skip274
\rot@float@box=\box66
\rot@mess@toks=\toks43
)
(C:\Prog\MiKTeX29\tex/latex/l3packages/xfrac\xfrac.sty
(C:\Prog\MiKTeX29\tex/latex/base\textcomp.sty
Package: textcomp 2020/02/02 v2.0n Standard LaTeX package
)
(C:\Prog\MiKTeX29\tex/latex/l3packages/xtemplate\xtemplate.sty
Package: xtemplate 2020-05-15 L3 Experimental prototype document functions
\l__xtemplate_tmp_dim=\dimen290
\l__xtemplate_tmp_int=\count375
\l__xtemplate_tmp_muskip=\muskip18
\l__xtemplate_tmp_skip=\skip275
)
Package: xfrac 2020-05-15 L3 Experimental split-level fractions
\l__xfrac_slash_box=\box67
\l__xfrac_tmp_box=\box68
\l__xfrac_denominator_bot_sep_dim=\dimen291
\l__xfrac_numerator_bot_sep_dim=\dimen292
\l__xfrac_numerator_top_sep_dim=\dimen293
\l__xfrac_slash_left_sep_dim=\dimen294
\l__xfrac_slash_right_sep_dim=\dimen295
\l__xfrac_slash_left_muskip=\muskip19
\l__xfrac_slash_right_muskip=\muskip20

Package xtemplate Info: Declaring object type 'xfrac' taking 3 argument(s) on
(xtemplate)             line 80.

)
(C:\Prog\MiKTeX29\tex/latex/tools\bm.sty
Package: bm 2019/07/24 v1.2d Bold Symbol Support (DPC/FMi)
\symboldoperators=\mathgroup6
\symboldletters=\mathgroup7
\symboldsymbols=\mathgroup8
LaTeX Font Info:    Redeclaring math alphabet \mathbf on input line 141.
LaTeX Info: Redefining \bm on input line 209.
)
(C:\Prog\MiKTeX29\tex/latex/pgfplots\pgfplots.sty
(C:\Prog\MiKTeX29\tex/generic/pgfplots\pgfplots.revision.tex)
Package: pgfplots 2020/02/29 v1.17 Data Visualization (1.17)

(C:\Prog\MiKTeX29\tex/latex/pgf/frontendlayer\tikz.sty
(C:\Prog\MiKTeX29\tex/latex/pgf/basiclayer\pgf.sty
(C:\Prog\MiKTeX29\tex/latex/pgf/utilities\pgfrcs.sty
(C:\Prog\MiKTeX29\tex/generic/pgf/utilities\pgfutil-common.tex
\pgfutil@everybye=\toks44
\pgfutil@tempdima=\dimen296
\pgfutil@tempdimb=\dimen297

(C:\Prog\MiKTeX29\tex/generic/pgf/utilities\pgfutil-common-lists.tex))
(C:\Prog\MiKTeX29\tex/generic/pgf/utilities\pgfutil-latex.def
\pgfutil@abb=\box69

(C:\Prog\MiKTeX29\tex/latex/ms\everyshi.sty
Package: everyshi 2001/05/15 v3.00 EveryShipout Package (MS)
))
(C:\Prog\MiKTeX29\tex/generic/pgf/utilities\pgfrcs.code.tex
(C:\Prog\MiKTeX29\tex/generic/pgf\pgf.revision.tex)
Package: pgfrcs 2020/01/08 v3.1.5b (3.1.5b)
))
Package: pgf 2020/01/08 v3.1.5b (3.1.5b)

(C:\Prog\MiKTeX29\tex/latex/pgf/basiclayer\pgfcore.sty
(C:\Prog\MiKTeX29\tex/latex/pgf/systemlayer\pgfsys.sty
(C:\Prog\MiKTeX29\tex/generic/pgf/systemlayer\pgfsys.code.tex
Package: pgfsys 2020/01/08 v3.1.5b (3.1.5b)

(C:\Prog\MiKTeX29\tex/generic/pgf/utilities\pgfkeys.code.tex
\pgfkeys@pathtoks=\toks45
\pgfkeys@temptoks=\toks46

(C:\Prog\MiKTeX29\tex/generic/pgf/utilities\pgfkeysfiltered.code.tex
\pgfkeys@tmptoks=\toks47
))
\pgf@x=\dimen298
\pgf@y=\dimen299
\pgf@xa=\dimen300
\pgf@ya=\dimen301
\pgf@xb=\dimen302
\pgf@yb=\dimen303
\pgf@xc=\dimen304
\pgf@yc=\dimen305
\pgf@xd=\dimen306
\pgf@yd=\dimen307
\w@pgf@writea=\write4
\r@pgf@reada=\read4
\c@pgf@counta=\count376
\c@pgf@countb=\count377
\c@pgf@countc=\count378
\c@pgf@countd=\count379
\t@pgf@toka=\toks48
\t@pgf@tokb=\toks49
\t@pgf@tokc=\toks50
\pgf@sys@id@count=\count380

(C:\Prog\MiKTeX29\tex/generic/pgf/systemlayer\pgf.cfg
File: pgf.cfg 2020/01/08 v3.1.5b (3.1.5b)
)
Driver file for pgf: pgfsys-dvips.def

(C:\Prog\MiKTeX29\tex/generic/pgf/systemlayer\pgfsys-dvips.def
File: pgfsys-dvips.def 2020/01/08 v3.1.5b (3.1.5b)

(C:\Prog\MiKTeX29\tex/generic/pgf/systemlayer\pgfsys-common-postscript.def
File: pgfsys-common-postscript.def 2020/01/08 v3.1.5b (3.1.5b)
\pgf@objectcount=\count381
)))
(C:\Prog\MiKTeX29\tex/generic/pgf/systemlayer\pgfsyssoftpath.code.tex
File: pgfsyssoftpath.code.tex 2020/01/08 v3.1.5b (3.1.5b)
\pgfsyssoftpath@smallbuffer@items=\count382
\pgfsyssoftpath@bigbuffer@items=\count383
)
(C:\Prog\MiKTeX29\tex/generic/pgf/systemlayer\pgfsysprotocol.code.tex
File: pgfsysprotocol.code.tex 2020/01/08 v3.1.5b (3.1.5b)
))
(C:\Prog\MiKTeX29\tex/generic/pgf/basiclayer\pgfcore.code.tex
Package: pgfcore 2020/01/08 v3.1.5b (3.1.5b)

(C:\Prog\MiKTeX29\tex/generic/pgf/math\pgfmath.code.tex
(C:\Prog\MiKTeX29\tex/generic/pgf/math\pgfmathcalc.code.tex
(C:\Prog\MiKTeX29\tex/generic/pgf/math\pgfmathutil.code.tex)
(C:\Prog\MiKTeX29\tex/generic/pgf/math\pgfmathparser.code.tex
\pgfmath@dimen=\dimen308
\pgfmath@count=\count384
\pgfmath@box=\box70
\pgfmath@toks=\toks51
\pgfmath@stack@operand=\toks52
\pgfmath@stack@operation=\toks53
)
(C:\Prog\MiKTeX29\tex/generic/pgf/math\pgfmathfunctions.code.tex
(C:\Prog\MiKTeX29\tex/generic/pgf/math\pgfmathfunctions.basic.code.tex)
(C:\Prog\MiKTeX29\tex/generic/pgf/math\pgfmathfunctions.trigonometric.code.tex)
(C:\Prog\MiKTeX29\tex/generic/pgf/math\pgfmathfunctions.random.code.tex)
(C:\Prog\MiKTeX29\tex/generic/pgf/math\pgfmathfunctions.comparison.code.tex)
(C:\Prog\MiKTeX29\tex/generic/pgf/math\pgfmathfunctions.base.code.tex)
(C:\Prog\MiKTeX29\tex/generic/pgf/math\pgfmathfunctions.round.code.tex)
(C:\Prog\MiKTeX29\tex/generic/pgf/math\pgfmathfunctions.misc.code.tex)
(C:\Prog\MiKTeX29\tex/generic/pgf/math\pgfmathfunctions.integerarithmetics.code
.tex))) (C:\Prog\MiKTeX29\tex/generic/pgf/math\pgfmathfloat.code.tex
\c@pgfmathroundto@lastzeros=\count385
))
(C:\Prog\MiKTeX29\tex/generic/pgf/math\pgfint.code.tex)
(C:\Prog\MiKTeX29\tex/generic/pgf/basiclayer\pgfcorepoints.code.tex
File: pgfcorepoints.code.tex 2020/01/08 v3.1.5b (3.1.5b)
\pgf@picminx=\dimen309
\pgf@picmaxx=\dimen310
\pgf@picminy=\dimen311
\pgf@picmaxy=\dimen312
\pgf@pathminx=\dimen313
\pgf@pathmaxx=\dimen314
\pgf@pathminy=\dimen315
\pgf@pathmaxy=\dimen316
\pgf@xx=\dimen317
\pgf@xy=\dimen318
\pgf@yx=\dimen319
\pgf@yy=\dimen320
\pgf@zx=\dimen321
\pgf@zy=\dimen322
)
(C:\Prog\MiKTeX29\tex/generic/pgf/basiclayer\pgfcorepathconstruct.code.tex
File: pgfcorepathconstruct.code.tex 2020/01/08 v3.1.5b (3.1.5b)
\pgf@path@lastx=\dimen323
\pgf@path@lasty=\dimen324
)
(C:\Prog\MiKTeX29\tex/generic/pgf/basiclayer\pgfcorepathusage.code.tex
File: pgfcorepathusage.code.tex 2020/01/08 v3.1.5b (3.1.5b)
\pgf@shorten@end@additional=\dimen325
\pgf@shorten@start@additional=\dimen326
)
(C:\Prog\MiKTeX29\tex/generic/pgf/basiclayer\pgfcorescopes.code.tex
File: pgfcorescopes.code.tex 2020/01/08 v3.1.5b (3.1.5b)
\pgfpic=\box71
\pgf@hbox=\box72
\pgf@layerbox@main=\box73
\pgf@picture@serial@count=\count386
)
(C:\Prog\MiKTeX29\tex/generic/pgf/basiclayer\pgfcoregraphicstate.code.tex
File: pgfcoregraphicstate.code.tex 2020/01/08 v3.1.5b (3.1.5b)
\pgflinewidth=\dimen327
)
(C:\Prog\MiKTeX29\tex/generic/pgf/basiclayer\pgfcoretransformations.code.tex
File: pgfcoretransformations.code.tex 2020/01/08 v3.1.5b (3.1.5b)
\pgf@pt@x=\dimen328
\pgf@pt@y=\dimen329
\pgf@pt@temp=\dimen330
)
(C:\Prog\MiKTeX29\tex/generic/pgf/basiclayer\pgfcorequick.code.tex
File: pgfcorequick.code.tex 2020/01/08 v3.1.5b (3.1.5b)
)
(C:\Prog\MiKTeX29\tex/generic/pgf/basiclayer\pgfcoreobjects.code.tex
File: pgfcoreobjects.code.tex 2020/01/08 v3.1.5b (3.1.5b)
)
(C:\Prog\MiKTeX29\tex/generic/pgf/basiclayer\pgfcorepathprocessing.code.tex
File: pgfcorepathprocessing.code.tex 2020/01/08 v3.1.5b (3.1.5b)
)
(C:\Prog\MiKTeX29\tex/generic/pgf/basiclayer\pgfcorearrows.code.tex
File: pgfcorearrows.code.tex 2020/01/08 v3.1.5b (3.1.5b)
\pgfarrowsep=\dimen331
)
(C:\Prog\MiKTeX29\tex/generic/pgf/basiclayer\pgfcoreshade.code.tex
File: pgfcoreshade.code.tex 2020/01/08 v3.1.5b (3.1.5b)
\pgf@max=\dimen332
\pgf@sys@shading@range@num=\count387
\pgf@shadingcount=\count388
)
(C:\Prog\MiKTeX29\tex/generic/pgf/basiclayer\pgfcoreimage.code.tex
File: pgfcoreimage.code.tex 2020/01/08 v3.1.5b (3.1.5b)

(C:\Prog\MiKTeX29\tex/generic/pgf/basiclayer\pgfcoreexternal.code.tex
File: pgfcoreexternal.code.tex 2020/01/08 v3.1.5b (3.1.5b)
\pgfexternal@startupbox=\box74
))
(C:\Prog\MiKTeX29\tex/generic/pgf/basiclayer\pgfcorelayers.code.tex
File: pgfcorelayers.code.tex 2020/01/08 v3.1.5b (3.1.5b)
)
(C:\Prog\MiKTeX29\tex/generic/pgf/basiclayer\pgfcoretransparency.code.tex
File: pgfcoretransparency.code.tex 2020/01/08 v3.1.5b (3.1.5b)
)
(C:\Prog\MiKTeX29\tex/generic/pgf/basiclayer\pgfcorepatterns.code.tex
File: pgfcorepatterns.code.tex 2020/01/08 v3.1.5b (3.1.5b)
)
(C:\Prog\MiKTeX29\tex/generic/pgf/basiclayer\pgfcorerdf.code.tex
File: pgfcorerdf.code.tex 2020/01/08 v3.1.5b (3.1.5b)
)))
(C:\Prog\MiKTeX29\tex/generic/pgf/modules\pgfmoduleshapes.code.tex
File: pgfmoduleshapes.code.tex 2020/01/08 v3.1.5b (3.1.5b)
\pgfnodeparttextbox=\box75
)
(C:\Prog\MiKTeX29\tex/generic/pgf/modules\pgfmoduleplot.code.tex
File: pgfmoduleplot.code.tex 2020/01/08 v3.1.5b (3.1.5b)
)
(C:\Prog\MiKTeX29\tex/latex/pgf/compatibility\pgfcomp-version-0-65.sty
Package: pgfcomp-version-0-65 2020/01/08 v3.1.5b (3.1.5b)
\pgf@nodesepstart=\dimen333
\pgf@nodesepend=\dimen334
)
(C:\Prog\MiKTeX29\tex/latex/pgf/compatibility\pgfcomp-version-1-18.sty
Package: pgfcomp-version-1-18 2020/01/08 v3.1.5b (3.1.5b)
))
(C:\Prog\MiKTeX29\tex/latex/pgf/utilities\pgffor.sty
(C:\Prog\MiKTeX29\tex/latex/pgf/utilities\pgfkeys.sty
(C:\Prog\MiKTeX29\tex/generic/pgf/utilities\pgfkeys.code.tex))
(C:\Prog\MiKTeX29\tex/latex/pgf/math\pgfmath.sty
(C:\Prog\MiKTeX29\tex/generic/pgf/math\pgfmath.code.tex))
(C:\Prog\MiKTeX29\tex/generic/pgf/utilities\pgffor.code.tex
Package: pgffor 2020/01/08 v3.1.5b (3.1.5b)

(C:\Prog\MiKTeX29\tex/generic/pgf/math\pgfmath.code.tex)
\pgffor@iter=\dimen335
\pgffor@skip=\dimen336
\pgffor@stack=\toks54
\pgffor@toks=\toks55
))
(C:\Prog\MiKTeX29\tex/generic/pgf/frontendlayer/tikz\tikz.code.tex
Package: tikz 2020/01/08 v3.1.5b (3.1.5b)

(C:\Prog\MiKTeX29\tex/generic/pgf/libraries\pgflibraryplothandlers.code.tex
File: pgflibraryplothandlers.code.tex 2020/01/08 v3.1.5b (3.1.5b)
\pgf@plot@mark@count=\count389
\pgfplotmarksize=\dimen337
)
\tikz@lastx=\dimen338
\tikz@lasty=\dimen339
\tikz@lastxsaved=\dimen340
\tikz@lastysaved=\dimen341
\tikz@lastmovetox=\dimen342
\tikz@lastmovetoy=\dimen343
\tikzleveldistance=\dimen344
\tikzsiblingdistance=\dimen345
\tikz@figbox=\box76
\tikz@figbox@bg=\box77
\tikz@tempbox=\box78
\tikz@tempbox@bg=\box79
\tikztreelevel=\count390
\tikznumberofchildren=\count391
\tikznumberofcurrentchild=\count392
\tikz@fig@count=\count393

(C:\Prog\MiKTeX29\tex/generic/pgf/modules\pgfmodulematrix.code.tex
File: pgfmodulematrix.code.tex 2020/01/08 v3.1.5b (3.1.5b)
\pgfmatrixcurrentrow=\count394
\pgfmatrixcurrentcolumn=\count395
\pgf@matrix@numberofcolumns=\count396
)
\tikz@expandcount=\count397

(C:\Prog\MiKTeX29\tex/generic/pgf/frontendlayer/tikz/libraries\tikzlibrarytopat
hs.code.tex
File: tikzlibrarytopaths.code.tex 2020/01/08 v3.1.5b (3.1.5b)
))) (C:\Prog\MiKTeX29\tex/generic/pgfplots\pgfplots.code.tex
(C:\Prog\MiKTeX29\tex/generic/pgfplots\pgfplotscore.code.tex
\t@pgfplots@toka=\toks56
\t@pgfplots@tokb=\toks57
\t@pgfplots@tokc=\toks58
\pgfplots@tmpa=\dimen346
\c@pgfplots@coordindex=\count398
\c@pgfplots@scanlineindex=\count399

(C:\Prog\MiKTeX29\tex/generic/pgfplots/sys\pgfplotssysgeneric.code.tex))
(C:\Prog\MiKTeX29\tex/generic/pgfplots/libs\pgfplotslibrary.code.tex)
(C:\Prog\MiKTeX29\tex/generic/pgfplots/oldpgfcompatib\pgfplotsoldpgfsupp_loader
.code.tex (C:\Prog\MiKTeX29\tex/generic/pgf/libraries\pgflibraryfpu.code.tex))
(C:\Prog\MiKTeX29\tex/generic/pgfplots/util\pgfplotsutil.code.tex
(C:\Prog\MiKTeX29\tex/generic/pgfplots/liststructure\pgfplotsliststructure.code
.tex)
(C:\Prog\MiKTeX29\tex/generic/pgfplots/liststructure\pgfplotsliststructureext.c
ode.tex)
(C:\Prog\MiKTeX29\tex/generic/pgfplots/liststructure\pgfplotsarray.code.tex
\c@pgfplotsarray@tmp=\count400
)
(C:\Prog\MiKTeX29\tex/generic/pgfplots/liststructure\pgfplotsmatrix.code.tex)
(C:\Prog\MiKTeX29\tex/generic/pgfplots/numtable\pgfplotstableshared.code.tex
\c@pgfplotstable@counta=\count401
\t@pgfplotstable@a=\toks59
)
(C:\Prog\MiKTeX29\tex/generic/pgfplots/liststructure\pgfplotsdeque.code.tex)
(C:\Prog\MiKTeX29\tex/generic/pgfplots/util\pgfplotsbinary.code.tex
(C:\Prog\MiKTeX29\tex/generic/pgfplots/util\pgfplotsbinary.data.code.tex))
(C:\Prog\MiKTeX29\tex/generic/pgfplots/util\pgfplotsutil.verb.code.tex)
(C:\Prog\MiKTeX29\tex/generic/pgfplots/libs\pgflibrarypgfplots.surfshading.code
.tex
\c@pgfplotslibrarysurf@no=\count402

(C:\Prog\MiKTeX29\tex/generic/pgfplots/sys\pgflibrarypgfplots.surfshading.pgfsy
s-dvips.def)))
(C:\Prog\MiKTeX29\tex/generic/pgfplots/util\pgfplotscolormap.code.tex
(C:\Prog\MiKTeX29\tex/generic/pgfplots/util\pgfplotscolor.code.tex))
(C:\Prog\MiKTeX29\tex/generic/pgfplots\pgfplotsstackedplots.code.tex)
(C:\Prog\MiKTeX29\tex/generic/pgfplots\pgfplotsplothandlers.code.tex
(C:\Prog\MiKTeX29\tex/generic/pgfplots\pgfplotsmeshplothandler.code.tex
(C:\Prog\MiKTeX29\tex/generic/pgfplots\pgfplotsmeshplotimage.code.tex)))
(C:\Prog\MiKTeX29\tex/generic/pgfplots\pgfplots.scaling.code.tex)
(C:\Prog\MiKTeX29\tex/generic/pgfplots\pgfplotscoordprocessing.code.tex)
(C:\Prog\MiKTeX29\tex/generic/pgfplots\pgfplots.errorbars.code.tex)
(C:\Prog\MiKTeX29\tex/generic/pgfplots\pgfplots.markers.code.tex)
(C:\Prog\MiKTeX29\tex/generic/pgfplots\pgfplotsticks.code.tex)
(C:\Prog\MiKTeX29\tex/generic/pgfplots\pgfplots.paths.code.tex)
(C:\Prog\MiKTeX29\tex/generic/pgf/frontendlayer/tikz/libraries\tikzlibrarydecor
ations.code.tex
(C:\Prog\MiKTeX29\tex/generic/pgf/modules\pgfmoduledecorations.code.tex
\pgfdecoratedcompleteddistance=\dimen347
\pgfdecoratedremainingdistance=\dimen348
\pgfdecoratedinputsegmentcompleteddistance=\dimen349
\pgfdecoratedinputsegmentremainingdistance=\dimen350
\pgf@decorate@distancetomove=\dimen351
\pgf@decorate@repeatstate=\count403
\pgfdecorationsegmentamplitude=\dimen352
\pgfdecorationsegmentlength=\dimen353
)
\tikz@lib@dec@box=\box80
)
(C:\Prog\MiKTeX29\tex/generic/pgf/frontendlayer/tikz/libraries\tikzlibrarydecor
ations.pathmorphing.code.tex
(C:\Prog\MiKTeX29\tex/generic/pgf/libraries/decorations\pgflibrarydecorations.p
athmorphing.code.tex))
(C:\Prog\MiKTeX29\tex/generic/pgf/frontendlayer/tikz/libraries\tikzlibrarydecor
ations.pathreplacing.code.tex
(C:\Prog\MiKTeX29\tex/generic/pgf/libraries/decorations\pgflibrarydecorations.p
athreplacing.code.tex))
\pgfplots@numplots=\count404
\pgfplots@xmin@reg=\dimen354
\pgfplots@xmax@reg=\dimen355
\pgfplots@ymin@reg=\dimen356
\pgfplots@ymax@reg=\dimen357
\pgfplots@zmin@reg=\dimen358
\pgfplots@zmax@reg=\dimen359
)
(C:\Prog\MiKTeX29\tex/generic/pgf/frontendlayer/tikz/libraries\tikzlibraryplotm
arks.code.tex
File: tikzlibraryplotmarks.code.tex 2020/01/08 v3.1.5b (3.1.5b)

(C:\Prog\MiKTeX29\tex/generic/pgf/libraries\pgflibraryplotmarks.code.tex
File: pgflibraryplotmarks.code.tex 2020/01/08 v3.1.5b (3.1.5b)
)))
(C:\Prog\MiKTeX29\tex/latex/circuitikz\circuitikz.sty
Package: circuitikz 2020/04/24{} The CircuiTikz circuit drawing package version
 1.1.1

(C:\Prog\MiKTeX29\tex/generic/pgf/frontendlayer/tikz/libraries\tikzlibrarycalc.
code.tex
File: tikzlibrarycalc.code.tex 2020/01/08 v3.1.5b (3.1.5b)
)
(C:\Prog\MiKTeX29\tex/generic/pgf/libraries\pgflibraryarrows.meta.code.tex
File: pgflibraryarrows.meta.code.tex 2020/01/08 v3.1.5b (3.1.5b)
\pgfarrowinset=\dimen360
\pgfarrowlength=\dimen361
\pgfarrowwidth=\dimen362
\pgfarrowlinewidth=\dimen363
)
(C:\Prog\MiKTeX29\tex/generic/pgf/frontendlayer/tikz/libraries\tikzlibrarybendi
ng.code.tex
File: tikzlibrarybending.code.tex 2020/01/08 v3.1.5b (3.1.5b)
 (C:\Prog\MiKTeX29\tex/generic/pgf/modules\pgfmodulebending.code.tex
File: pgfmodulebending.code.tex 2020/01/08 v3.1.5b (3.1.5b)

(C:\Prog\MiKTeX29\tex/generic/pgf/modules\pgfmodulenonlineartransformations.cod
e.tex
File: pgfmodulenonlineartransformations.code.tex 2020/01/08 v3.1.5b (3.1.5b)
\pgftransformnonlinearflatness=\dimen364
)
(C:\Prog\MiKTeX29\tex/generic/pgf/libraries\pgflibrarycurvilinear.code.tex
File: pgflibrarycurvilinear.code.tex 2020/01/08 v3.1.5b (3.1.5b)
\pgf@curvilinear@time@a=\dimen365
\pgf@curvilinear@length@a=\dimen366
\pgf@curvilinear@length@b=\dimen367
\pgf@curvilinear@length@c=\dimen368
\pgf@curvilinear@length@d=\dimen369
)
\pgf@arrows@the@rigidity=\dimen370
))
(C:\Prog\MiKTeX29\tex/generic/pgf/frontendlayer/tikz/libraries\tikzlibraryfpu.c
ode.tex) (C:\Prog\MiKTeX29\tex/generic/circuitikz\pgfcirc.defines.tex
\pgf@circ@count@a=\count405
\pgf@circ@count@b=\count406
\pgf@circ@count@c=\count407
\pgf@circ@res@up=\dimen371
\pgf@circ@res@down=\dimen372
\pgf@circ@res@zero=\dimen373
\pgf@circ@res@left=\dimen374
\pgf@circ@res@right=\dimen375
\pgf@circ@res@other=\dimen376
\pgf@circ@res@step=\dimen377
\pgf@circ@res@temp=\dimen378
\pgfstartlinewidth=\dimen379
\pgf@circ@Rlen=\dimen380
\pgf@circ@scaled@Rlen=\dimen381
)
(C:\Prog\MiKTeX29\tex/generic/circuitikz\pgfcircutils.tex)
(C:\Prog\MiKTeX29\tex/generic/circuitikz\pgfcircshapes.tex)
(C:\Prog\MiKTeX29\tex/generic/circuitikz\pgfcircmonopoles.tex)
(C:\Prog\MiKTeX29\tex/generic/circuitikz\pgfcircbipoles.tex)
(C:\Prog\MiKTeX29\tex/generic/circuitikz\pgfcirctripoles.tex
\pgf@circ@res@count=\count408
)
(C:\Prog\MiKTeX29\tex/generic/circuitikz\pgfcircquadpoles.tex)
(C:\Prog\MiKTeX29\tex/generic/circuitikz\pgfcircmultipoles.tex)
(C:\Prog\MiKTeX29\tex/generic/circuitikz\pgfcirclabel.tex)
(C:\Prog\MiKTeX29\tex/generic/circuitikz\pgfcircvoltage.tex)
(C:\Prog\MiKTeX29\tex/generic/circuitikz\pgfcirccurrent.tex)
(C:\Prog\MiKTeX29\tex/generic/circuitikz\pgfcircflow.tex)
(C:\Prog\MiKTeX29\tex/generic/circuitikz\pgfcircpath.tex))
\figureheight=\skip276
\figurewidth=\skip277

(C:\Prog\MiKTeX29\tex/generic/pgf/frontendlayer/tikz/libraries\tikzlibraryquote
s.code.tex
File: tikzlibraryquotes.code.tex 2020/01/08 v3.1.5b (3.1.5b)
)
(C:\Prog\MiKTeX29\tex/generic/pgf/frontendlayer/tikz/libraries\tikzlibraryangle
s.code.tex
File: tikzlibraryangles.code.tex 2020/01/08 v3.1.5b (3.1.5b)
)
(C:\Prog\MiKTeX29\tex/generic/pgf/frontendlayer/tikz/libraries\tikzlibraryarrow
s.code.tex
File: tikzlibraryarrows.code.tex 2020/01/08 v3.1.5b (3.1.5b)

(C:\Prog\MiKTeX29\tex/generic/pgf/libraries\pgflibraryarrows.code.tex
File: pgflibraryarrows.code.tex 2020/01/08 v3.1.5b (3.1.5b)
\arrowsize=\dimen382
))
(C:\Prog\MiKTeX29\tex/generic/pgf/frontendlayer/tikz/libraries\tikzlibrarythrou
gh.code.tex
File: tikzlibrarythrough.code.tex 2020/01/08 v3.1.5b (3.1.5b)
)
(C:\Prog\MiKTeX29\tex/generic/pgf/frontendlayer/tikz/libraries\tikzlibrarymath.
code.tex
\tikz@math@for@depth=\count409
\tikz@math@dimen=\dimen383
\tikz@math@toks=\toks60
)
(C:\Prog\MiKTeX29\tex/generic/pgf/frontendlayer/tikz/libraries/graphs\tikzlibra
rygraphs.code.tex
File: tikzlibrarygraphs.code.tex 2020/01/08 v3.1.5b (3.1.5b)
\tikz@lib@auto@number=\count410
\tikz@qnode@count=\count411
)
(C:\Prog\MiKTeX29\tex/generic/pgf/frontendlayer/tikz/libraries\tikzlibrarybackg
rounds.code.tex
File: tikzlibrarybackgrounds.code.tex 2020/01/08 v3.1.5b (3.1.5b)
\pgf@layerbox@background=\box81
\pgf@layerboxsaved@background=\box82
)
(C:\Prog\MiKTeX29\tex/generic/pgf/frontendlayer/tikz/libraries\tikzlibraryfit.c
ode.tex
File: tikzlibraryfit.code.tex 2020/01/08 v3.1.5b (3.1.5b)
)
(C:\Prog\MiKTeX29\tex/generic/pgf/frontendlayer/tikz/libraries\tikzlibraryshape
s.code.tex
File: tikzlibraryshapes.code.tex 2020/01/08 v3.1.5b (3.1.5b)

(C:\Prog\MiKTeX29\tex/generic/pgf/frontendlayer/tikz/libraries\tikzlibraryshape
s.geometric.code.tex
File: tikzlibraryshapes.geometric.code.tex 2020/01/08 v3.1.5b (3.1.5b)

(C:\Prog\MiKTeX29\tex/generic/pgf/libraries/shapes\pgflibraryshapes.geometric.c
ode.tex
File: pgflibraryshapes.geometric.code.tex 2020/01/08 v3.1.5b (3.1.5b)
))
(C:\Prog\MiKTeX29\tex/generic/pgf/frontendlayer/tikz/libraries\tikzlibraryshape
s.misc.code.tex
File: tikzlibraryshapes.misc.code.tex 2020/01/08 v3.1.5b (3.1.5b)

(C:\Prog\MiKTeX29\tex/generic/pgf/libraries/shapes\pgflibraryshapes.misc.code.t
ex
File: pgflibraryshapes.misc.code.tex 2020/01/08 v3.1.5b (3.1.5b)
))
(C:\Prog\MiKTeX29\tex/generic/pgf/frontendlayer/tikz/libraries\tikzlibraryshape
s.symbols.code.tex
File: tikzlibraryshapes.symbols.code.tex 2020/01/08 v3.1.5b (3.1.5b)

(C:\Prog\MiKTeX29\tex/generic/pgf/libraries/shapes\pgflibraryshapes.symbols.cod
e.tex
File: pgflibraryshapes.symbols.code.tex 2020/01/08 v3.1.5b (3.1.5b)
))
(C:\Prog\MiKTeX29\tex/generic/pgf/frontendlayer/tikz/libraries\tikzlibraryshape
s.arrows.code.tex
File: tikzlibraryshapes.arrows.code.tex 2020/01/08 v3.1.5b (3.1.5b)

(C:\Prog\MiKTeX29\tex/generic/pgf/libraries/shapes\pgflibraryshapes.arrows.code
.tex
File: pgflibraryshapes.arrows.code.tex 2020/01/08 v3.1.5b (3.1.5b)
))
(C:\Prog\MiKTeX29\tex/generic/pgf/frontendlayer/tikz/libraries\tikzlibraryshape
s.callouts.code.tex
(C:\Prog\MiKTeX29\tex/generic/pgf/libraries/shapes\pgflibraryshapes.callouts.co
de.tex))
(C:\Prog\MiKTeX29\tex/generic/pgf/frontendlayer/tikz/libraries\tikzlibraryshape
s.multipart.code.tex
File: tikzlibraryshapes.multipart.code.tex 2020/01/08 v3.1.5b (3.1.5b)

(C:\Prog\MiKTeX29\tex/generic/pgf/libraries/shapes\pgflibraryshapes.multipart.c
ode.tex
File: pgflibraryshapes.multipart.code.tex 2020/01/08 v3.1.5b (3.1.5b)
\pgfnodepartlowerbox=\box83
\pgfnodeparttwobox=\box84
\pgfnodepartthreebox=\box85
\pgfnodepartfourbox=\box86
\pgfnodeparttwentybox=\box87
\pgfnodepartnineteenbox=\box88
\pgfnodeparteighteenbox=\box89
\pgfnodepartseventeenbox=\box90
\pgfnodepartsixteenbox=\box91
\pgfnodepartfifteenbox=\box92
\pgfnodepartfourteenbox=\box93
\pgfnodepartthirteenbox=\box94
\pgfnodeparttwelvebox=\box95
\pgfnodepartelevenbox=\box96
\pgfnodeparttenbox=\box97
\pgfnodepartninebox=\box98
\pgfnodeparteightbox=\box99
\pgfnodepartsevenbox=\box100
\pgfnodepartsixbox=\box101
\pgfnodepartfivebox=\box102
)))
(C:\Prog\MiKTeX29\tex/generic/pgf/frontendlayer/tikz/libraries\tikzlibraryposit
ioning.code.tex
File: tikzlibrarypositioning.code.tex 2020/01/08 v3.1.5b (3.1.5b)
)
(C:\Prog\MiKTeX29\tex/generic/pgf/frontendlayer/tikz/libraries\tikzlibrarypatte
rns.code.tex
File: tikzlibrarypatterns.code.tex 2020/01/08 v3.1.5b (3.1.5b)

(C:\Prog\MiKTeX29\tex/generic/pgf/libraries\pgflibrarypatterns.code.tex
File: pgflibrarypatterns.code.tex 2020/01/08 v3.1.5b (3.1.5b)
))
(C:\Prog\MiKTeX29\tex/generic/pgf/frontendlayer/tikz/libraries\tikzlibraryshado
ws.code.tex
File: tikzlibraryshadows.code.tex 2020/01/08 v3.1.5b (3.1.5b)

(C:\Prog\MiKTeX29\tex/generic/pgf/frontendlayer/tikz/libraries\tikzlibraryfadin
gs.code.tex
File: tikzlibraryfadings.code.tex 2020/01/08 v3.1.5b (3.1.5b)

(C:\Prog\MiKTeX29\tex/generic/pgf/libraries\pgflibraryfadings.code.tex
File: pgflibraryfadings.code.tex 2020/01/08 v3.1.5b (3.1.5b)


Package pgf Warning: Your graphic driver pgfsys-dvips.def does not support fadi
ngs. This warning is given only once on input line 31.

)))
(C:\Prog\MiKTeX29\tex/latex/pgf/frontendlayer/libraries\tikzlibraryexternal.cod
e.tex
(C:\Prog\MiKTeX29\tex/generic/pgf/frontendlayer/tikz/libraries\tikzexternalshar
ed.code.tex))
Package hyperref Info: Option `colorlinks' set `true' on input line 168.


******************************************************
Stock height and width: 845.04684pt by 597.50787pt
Top and edge trims: 0pt and 0pt
Page height and width: 845.04684pt by 597.50787pt
Text height and width: 702.78308pt by 455pt
Spine and edge margins: 85.35826pt and 56.9055pt
Upper and lower margins: 85.35826pt and 56.9055pt
Headheight and headsep: 14.5pt and 19.8738pt
Footskip: 30pt
Columnsep and columnseprule: 10pt and 0pt
Marginparsep and marginparwidth: 7pt and 42.9055pt
Sidecapsep and sidecapwidth: 7pt and 92pt
Sidebarhsep and sidebarwidth: 7pt and 92pt
Sidebarvsep and sidebartopsep: 14.5pt and 0pt
Sidebarheight: 590.14995pt
Sidefoothsep and sidefootwidth: 7pt and 92pt
Sidefootvsep and sidefootheight: 14.5pt and 590.14995pt
******************************************************

(C:\Prog\MiKTeX29\tex/latex/etoolbox\etoolbox.sty
Package: etoolbox 2019/09/21 v2.5h e-TeX tools for LaTeX (JAW)
\etb@tempcnta=\count412
))
\Trab001-AASE-Francisco.Lima.Figueiredo-202004137859@idxfile=\write5
\openout5 = `Trab001-AASE-Francisco.Lima.Figueiredo-202004137859.idx'.


Writing index file Trab001-AASE-Francisco.Lima.Figueiredo-202004137859.idx 
No file Trab001-AASE-Francisco.Lima.Figueiredo-202004137859.aux.
\openout1 = `Trab001-AASE-Francisco.Lima.Figueiredo-202004137859.aux'.

LaTeX Font Info:    Checking defaults for OML/cmm/m/it on input line 87.
LaTeX Font Info:    ... okay on input line 87.
LaTeX Font Info:    Checking defaults for OMS/cmsy/m/n on input line 87.
LaTeX Font Info:    ... okay on input line 87.
LaTeX Font Info:    Checking defaults for OT1/cmr/m/n on input line 87.
LaTeX Font Info:    ... okay on input line 87.
LaTeX Font Info:    Checking defaults for T1/cmr/m/n on input line 87.
LaTeX Font Info:    ... okay on input line 87.
LaTeX Font Info:    Checking defaults for TS1/cmr/m/n on input line 87.
LaTeX Font Info:    ... okay on input line 87.
LaTeX Font Info:    Checking defaults for OMX/cmex/m/n on input line 87.
LaTeX Font Info:    ... okay on input line 87.
LaTeX Font Info:    Checking defaults for U/cmr/m/n on input line 87.
LaTeX Font Info:    ... okay on input line 87.
LaTeX Font Info:    Checking defaults for PD1/pdf/m/n on input line 87.
LaTeX Font Info:    ... okay on input line 87.
\AtBeginShipoutBox=\box103
Package hyperref Info: Link coloring ON on input line 87.
(C:\Prog\MiKTeX29\tex/latex/hyperref\nameref.sty
Package: nameref 2019/09/16 v2.46 Cross-referencing by name of section

(C:\Prog\MiKTeX29\tex/latex/refcount\refcount.sty
Package: refcount 2019/12/15 v3.6 Data extraction from label references (HO)
)
(C:\Prog\MiKTeX29\tex/generic/gettitlestring\gettitlestring.sty
Package: gettitlestring 2019/12/15 v1.6 Cleanup title references (HO)
)
\c@section@level=\count413
)
Redoing nameref's sectioning
Redoing nameref's label
LaTeX Info: Redefining \nameref on input line 87.
LaTeX Info: Redefining \ref on input line 87.
LaTeX Info: Redefining \pageref on input line 87.
LaTeX Info: Redefining \nameref on input line 87.

Package hyperref Warning: Rerun to get /PageLabels entry.

\myptabbox=\box104
\myptabboxwidth=\skip278
Package lastpage Info: Please have a look at the pageslts package at
(lastpage)             https://www.ctan.org/pkg/pageslts
(lastpage)             ! on input line 87.
LaTeX Info: Redefining \microtypecontext on input line 87.
Package microtype Info: Generating DVI output.
Package microtype Info: Character protrusion enabled (level 2).
Package microtype Info: Using default protrusion set `alltext'.
Package microtype Info: No font expansion.
Package microtype Info: No adjustment of tracking.
Package microtype Info: No adjustment of interword spacing.
Package microtype Info: No adjustment of character kerning.
(C:\Prog\MiKTeX29\tex/latex/microtype\mt-cmr.cfg
File: mt-cmr.cfg 2013/05/19 v2.2 microtype config. file: Computer Modern Roman 
(RS)
)
Package caption Info: Begin \AtBeginDocument code.
Package caption Info: rotating package is loaded.
Package caption Info: End \AtBeginDocument code.

(C:\Prog\MiKTeX29\tex/latex/translator\translator-basic-dictionary-English.dict
Dictionary: translator-basic-dictionary, Language: English 
)
(C:\Prog\MiKTeX29\tex/latex/translator\translator-basic-dictionary-Portuguese.d
ict
Dictionary: translator-basic-dictionary, Language: portuguese 
) (C:\Prog\MiKTeX29\tex/latex/siunitx\siunitx-abbreviations.cfg
File: siunitx-abbreviations.cfg 2017/11/26 v2.7k siunitx: Abbreviated units
)
ABD: EveryShipout initializing macros
Package pgfplots notification 'compat/show suggested version=true': document ha
s been generated with the most recent feature set (\pgfplotsset{compat=1.17}).

LaTeX Font Info:    Trying to load font information for OT1+lmr on input line 8
7.
(C:\Prog\MiKTeX29\tex/latex/lm\ot1lmr.fd
File: ot1lmr.fd 2009/10/30 v1.6 Font defs for Latin Modern
)
LaTeX Font Info:    Trying to load font information 